<?xml version="1.0" encoding="UTF-8"?>
<!-- Generated by org.testng.reporters.JUnitXMLReporter -->
<testsuite hostname="RMDVHPDVAS2090V" name="Chrome Test Cases" tests="11" failures="0" timestamp="11 May 2016 12:51:47 GMT" time="145.655" errors="0">
  <testcase name="addOrganization" time="9.44" classname="testcases.TC001_Add_Organization"/>
  <testcase name="updateOrganization" time="8.927" classname="testcases.TC002_Update_Organization"/>
  <testcase name="deleteOrganization" time="8.524" classname="testcases.TC003_Delete_Organization"/>
  <testcase name="suspendAgency" time="9.171" classname="testcases.TC004_Suspend_Agency"/>
  <testcase name="activateAgency" time="8.849" classname="testcases.TC005_Activate_Agency"/>
  <testcase name="addNewAirline" time="2.981" classname="testcases.TC006_Add_new_Airline"/>
  <testcase name="modifyAirline" time="8.338" classname="testcases.TC007_Modify_Airline"/>
  <testcase name="deleteAirline" time="15.049" classname="testcases.TC008_Delete_Airline"/>
  <testcase name="addNewCountry" time="2.881" classname="testcases.TC009_Add_New_Country"/>
  <testcase name="updateCountry" time="8.513" classname="testcases.TC010_Modify_Country"/>
  <testcase name="deleteCountry" time="8.069" classname="testcases.TC011_Delete_Country"/>
</testsuite> <!-- Chrome Test Cases -->
