<?xml version="1.0" encoding="UTF-8"?>
<!-- Generated by org.testng.reporters.JUnitXMLReporter -->
<testsuite hostname="RMDVHPDVAS2090V" name="Regression" tests="11" failures="0" timestamp="10 May 2016 06:57:40 GMT" time="0.048" errors="0">
  <testcase name="@BeforeClass initiate" time="0.0" classname="testcases.TC001_Add_Organization">
    <failure type="org.testng.TestNGException" message="
Method initiate requires 1 parameters but 0 were supplied in the @Configuration annotation.">
      <![CDATA[org.testng.TestNGException: 
Method initiate requires 1 parameters but 0 were supplied in the @Configuration annotation.
... Removed 22 stack frames]]>
    </failure>
  </testcase> <!-- @BeforeClass initiate -->
  <testcase name="@AfterMethod TearDown" time="0.0" classname="testcases.TC001_Add_Organization">
    <skipped/>
  </testcase> <!-- @AfterMethod TearDown -->
  <testcase name="@BeforeClass initiate" time="0.0" classname="testcases.TC002_Update_Organization">
    <skipped/>
  </testcase> <!-- @BeforeClass initiate -->
  <testcase name="@AfterMethod TearDown" time="0.0" classname="testcases.TC002_Update_Organization">
    <skipped/>
  </testcase> <!-- @AfterMethod TearDown -->
  <testcase name="@BeforeClass initiate" time="0.0" classname="testcases.TC003_Delete_Organization">
    <skipped/>
  </testcase> <!-- @BeforeClass initiate -->
  <testcase name="@AfterMethod TearDown" time="0.0" classname="testcases.TC003_Delete_Organization">
    <skipped/>
  </testcase> <!-- @AfterMethod TearDown -->
  <testcase name="@BeforeClass initiate" time="0.0" classname="testcases.TC004_Suspend_Agency">
    <skipped/>
  </testcase> <!-- @BeforeClass initiate -->
  <testcase name="@AfterMethod TearDown" time="0.0" classname="testcases.TC004_Suspend_Agency">
    <skipped/>
  </testcase> <!-- @AfterMethod TearDown -->
  <testcase name="@BeforeClass initiate" time="0.0" classname="testcases.TC005_Activate_Agency">
    <skipped/>
  </testcase> <!-- @BeforeClass initiate -->
  <testcase name="@AfterMethod TearDown" time="0.0" classname="testcases.TC005_Activate_Agency">
    <skipped/>
  </testcase> <!-- @AfterMethod TearDown -->
  <testcase name="@BeforeClass initiate" time="0.0" classname="testcases.TC006_Add_new_Airline">
    <skipped/>
  </testcase> <!-- @BeforeClass initiate -->
  <testcase name="@AfterMethod TearDown" time="0.0" classname="testcases.TC006_Add_new_Airline">
    <skipped/>
  </testcase> <!-- @AfterMethod TearDown -->
  <testcase name="@BeforeClass initiate" time="0.0" classname="testcases.TC007_Modify_Airline">
    <skipped/>
  </testcase> <!-- @BeforeClass initiate -->
  <testcase name="@AfterMethod TearDown" time="0.0" classname="testcases.TC007_Modify_Airline">
    <skipped/>
  </testcase> <!-- @AfterMethod TearDown -->
  <testcase name="@BeforeClass initiate" time="0.0" classname="testcases.TC008_Delete_Airline">
    <skipped/>
  </testcase> <!-- @BeforeClass initiate -->
  <testcase name="@AfterMethod TearDown" time="0.0" classname="testcases.TC008_Delete_Airline">
    <skipped/>
  </testcase> <!-- @AfterMethod TearDown -->
  <testcase name="@BeforeClass initiate" time="0.0" classname="testcases.TC009_Add_New_Country">
    <skipped/>
  </testcase> <!-- @BeforeClass initiate -->
  <testcase name="@AfterMethod TearDown" time="0.0" classname="testcases.TC009_Add_New_Country">
    <skipped/>
  </testcase> <!-- @AfterMethod TearDown -->
  <testcase name="@BeforeClass initiate" time="0.0" classname="testcases.TC010_Modify_Country">
    <skipped/>
  </testcase> <!-- @BeforeClass initiate -->
  <testcase name="@AfterMethod TearDown" time="0.0" classname="testcases.TC010_Modify_Country">
    <skipped/>
  </testcase> <!-- @AfterMethod TearDown -->
  <testcase name="@BeforeClass initiate" time="0.0" classname="testcases.TC011_Delete_Country">
    <skipped/>
  </testcase> <!-- @BeforeClass initiate -->
  <testcase name="@AfterMethod TearDown" time="0.0" classname="testcases.TC011_Delete_Country">
    <skipped/>
  </testcase> <!-- @AfterMethod TearDown -->
  <testcase name="addOrganization" time="0.005" classname="testcases.TC001_Add_Organization">
    <skipped/>
  </testcase> <!-- addOrganization -->
  <testcase name="updateOrganization" time="0.0" classname="testcases.TC002_Update_Organization">
    <skipped/>
  </testcase> <!-- updateOrganization -->
  <testcase name="deleteOrganization" time="0.0" classname="testcases.TC003_Delete_Organization">
    <skipped/>
  </testcase> <!-- deleteOrganization -->
  <testcase name="suspendAgency" time="0.0" classname="testcases.TC004_Suspend_Agency">
    <skipped/>
  </testcase> <!-- suspendAgency -->
  <testcase name="activateAgency" time="0.0" classname="testcases.TC005_Activate_Agency">
    <skipped/>
  </testcase> <!-- activateAgency -->
  <testcase name="addNewAirline" time="0.0" classname="testcases.TC006_Add_new_Airline">
    <skipped/>
  </testcase> <!-- addNewAirline -->
  <testcase name="modifyAirline" time="0.0" classname="testcases.TC007_Modify_Airline">
    <skipped/>
  </testcase> <!-- modifyAirline -->
  <testcase name="deleteAirline" time="0.001" classname="testcases.TC008_Delete_Airline">
    <skipped/>
  </testcase> <!-- deleteAirline -->
  <testcase name="addNewCountry" time="0.001" classname="testcases.TC009_Add_New_Country">
    <skipped/>
  </testcase> <!-- addNewCountry -->
  <testcase name="updateCountry" time="0.0" classname="testcases.TC010_Modify_Country">
    <skipped/>
  </testcase> <!-- updateCountry -->
  <testcase name="deleteCountry" time="0.0" classname="testcases.TC011_Delete_Country">
    <skipped/>
  </testcase> <!-- deleteCountry -->
</testsuite> <!-- Regression -->
