<?xml version="1.0" encoding="UTF-8"?>
<!-- Generated by org.testng.reporters.JUnitXMLReporter -->
<testsuite hostname="RMDVHPDVAS2090V" name="Regression" tests="11" failures="0" timestamp="9 May 2016 05:19:16 GMT" time="137.511" errors="0">
  <testcase name="addOrganization" time="9.181" classname="testcases.TC001_Add_Organization"/>
  <testcase name="updateOrganization" time="8.777" classname="testcases.TC002_Update_Organization"/>
  <testcase name="deleteOrganization" time="8.477" classname="testcases.TC003_Delete_Organization"/>
  <testcase name="suspendAgency" time="8.456" classname="testcases.TC004_Suspend_Agency"/>
  <testcase name="activateAgency" time="8.711" classname="testcases.TC005_Activate_Agency"/>
  <testcase name="addNewAirline" time="2.665" classname="testcases.TC006_Add_new_Airline"/>
  <testcase name="modifyAirline" time="8.206" classname="testcases.TC007_Modify_Airline"/>
  <testcase name="deleteAirline" time="16.154" classname="testcases.TC008_Delete_Airline"/>
  <testcase name="addNewCountry" time="2.803" classname="testcases.TC009_Add_New_Country"/>
  <testcase name="updateCountry" time="8.395" classname="testcases.TC010_Modify_Country"/>
  <testcase name="deleteCountry" time="8.064" classname="testcases.TC011_Delete_Country"/>
</testsuite> <!-- Regression -->
