<?xml version="1.0" encoding="UTF-8"?>
<!-- Generated by org.testng.reporters.JUnitXMLReporter -->
<testsuite hostname="RMDVHPDVAS2090V" name="Test" tests="11" failures="0" timestamp="11 May 2016 12:47:54 GMT" time="155.44" errors="0">
  <testcase name="addOrganization" time="9.276" classname="testcases.TC001_Add_Organization"/>
  <testcase name="updateOrganization" time="10.572" classname="testcases.TC002_Update_Organization"/>
  <testcase name="deleteOrganization" time="9.692" classname="testcases.TC003_Delete_Organization"/>
  <testcase name="suspendAgency" time="10.306" classname="testcases.TC004_Suspend_Agency"/>
  <testcase name="activateAgency" time="10.555" classname="testcases.TC005_Activate_Agency"/>
  <testcase name="addNewAirline" time="4.225" classname="testcases.TC006_Add_new_Airline"/>
  <testcase name="modifyAirline" time="9.843" classname="testcases.TC007_Modify_Airline"/>
  <testcase name="deleteAirline" time="16.263" classname="testcases.TC008_Delete_Airline"/>
  <testcase name="addNewCountry" time="4.63" classname="testcases.TC009_Add_New_Country"/>
  <testcase name="updateCountry" time="10.702" classname="testcases.TC010_Modify_Country"/>
  <testcase name="deleteCountry" time="9.939" classname="testcases.TC011_Delete_Country"/>
</testsuite> <!-- Test -->
