<?xml version="1.0" encoding="UTF-8"?>
<testng-results skipped="0" failed="0" total="22" passed="22">
  <reporter-output>
  </reporter-output>
  <suite name="GTSM" duration-ms="306513" started-at="2016-05-11T12:49:21Z" finished-at="2016-05-11T12:54:28Z">
    <groups>
    </groups>
    <test name="Chrome Test Cases" duration-ms="145655" started-at="2016-05-11T12:49:21Z" finished-at="2016-05-11T12:51:47Z">
      <class name="testcases.TC010_Modify_Country">
        <test-method status="PASS" signature="initiate(java.lang.String)[pri:0, instance:testcases.TC010_Modify_Country@17246de]" name="initiate" is-config="true" duration-ms="2076" started-at="2016-05-11T22:51:24Z" finished-at="2016-05-11T22:51:26Z">
          <params>
            <param index="0">
              <value>
                <![CDATA[Chrome]]>
              </value>
            </param>
          </params>
          <reporter-output>
          </reporter-output>
        </test-method> <!-- initiate -->
        <test-method status="PASS" signature="updateCountry()[pri:10, instance:testcases.TC010_Modify_Country@17246de]" name="updateCountry" duration-ms="8513" started-at="2016-05-11T22:51:26Z" finished-at="2016-05-11T22:51:35Z">
          <reporter-output>
          </reporter-output>
        </test-method> <!-- updateCountry -->
        <test-method status="PASS" signature="TearDown(org.testng.ITestResult)[pri:0, instance:testcases.TC010_Modify_Country@17246de]" name="TearDown" is-config="true" duration-ms="920" started-at="2016-05-11T22:51:35Z" finished-at="2016-05-11T22:51:36Z">
          <params>
            <param index="0">
              <value>
                <![CDATA[[TestResult name=updateCountry status=SUCCESS method=TC010_Modify_Country.updateCountry()[pri:10, instance:testcases.TC010_Modify_Country@17246de] output={null}]]]>
              </value>
            </param>
          </params>
          <reporter-output>
          </reporter-output>
        </test-method> <!-- TearDown -->
      </class> <!-- testcases.TC010_Modify_Country -->
      <class name="testcases.TC005_Activate_Agency">
        <test-method status="PASS" signature="initiate(java.lang.String)[pri:0, instance:testcases.TC005_Activate_Agency@3c1e69]" name="initiate" is-config="true" duration-ms="2059" started-at="2016-05-11T22:50:30Z" finished-at="2016-05-11T22:50:32Z">
          <params>
            <param index="0">
              <value>
                <![CDATA[Chrome]]>
              </value>
            </param>
          </params>
          <reporter-output>
          </reporter-output>
        </test-method> <!-- initiate -->
        <test-method status="PASS" signature="activateAgency()[pri:5, instance:testcases.TC005_Activate_Agency@3c1e69]" name="activateAgency" duration-ms="8849" started-at="2016-05-11T22:50:32Z" finished-at="2016-05-11T22:50:41Z">
          <reporter-output>
          </reporter-output>
        </test-method> <!-- activateAgency -->
        <test-method status="PASS" signature="TearDown(org.testng.ITestResult)[pri:0, instance:testcases.TC005_Activate_Agency@3c1e69]" name="TearDown" is-config="true" duration-ms="920" started-at="2016-05-11T22:50:41Z" finished-at="2016-05-11T22:50:42Z">
          <params>
            <param index="0">
              <value>
                <![CDATA[[TestResult name=activateAgency status=SUCCESS method=TC005_Activate_Agency.activateAgency()[pri:5, instance:testcases.TC005_Activate_Agency@3c1e69] output={null}]]]>
              </value>
            </param>
          </params>
          <reporter-output>
          </reporter-output>
        </test-method> <!-- TearDown -->
      </class> <!-- testcases.TC005_Activate_Agency -->
      <class name="testcases.TC001_Add_Organization">
        <test-method status="PASS" signature="initiate(java.lang.String)[pri:0, instance:testcases.TC001_Add_Organization@d5c04e]" name="initiate" is-config="true" duration-ms="21246" started-at="2016-05-11T22:49:21Z" finished-at="2016-05-11T22:49:43Z">
          <params>
            <param index="0">
              <value>
                <![CDATA[Chrome]]>
              </value>
            </param>
          </params>
          <reporter-output>
          </reporter-output>
        </test-method> <!-- initiate -->
        <test-method status="PASS" signature="addOrganization()[pri:1, instance:testcases.TC001_Add_Organization@d5c04e]" name="addOrganization" duration-ms="9440" started-at="2016-05-11T22:49:43Z" finished-at="2016-05-11T22:49:52Z">
          <reporter-output>
          </reporter-output>
        </test-method> <!-- addOrganization -->
        <test-method status="PASS" signature="TearDown(org.testng.ITestResult)[pri:0, instance:testcases.TC001_Add_Organization@d5c04e]" name="TearDown" is-config="true" duration-ms="1408" started-at="2016-05-11T22:49:52Z" finished-at="2016-05-11T22:49:53Z">
          <params>
            <param index="0">
              <value>
                <![CDATA[[TestResult name=addOrganization status=SUCCESS method=TC001_Add_Organization.addOrganization()[pri:1, instance:testcases.TC001_Add_Organization@d5c04e] output={null}]]]>
              </value>
            </param>
          </params>
          <reporter-output>
          </reporter-output>
        </test-method> <!-- TearDown -->
      </class> <!-- testcases.TC001_Add_Organization -->
      <class name="testcases.TC008_Delete_Airline">
        <test-method status="PASS" signature="initiate(java.lang.String)[pri:0, instance:testcases.TC008_Delete_Airline@9d209a]" name="initiate" is-config="true" duration-ms="2101" started-at="2016-05-11T22:50:59Z" finished-at="2016-05-11T22:51:01Z">
          <params>
            <param index="0">
              <value>
                <![CDATA[Chrome]]>
              </value>
            </param>
          </params>
          <reporter-output>
          </reporter-output>
        </test-method> <!-- initiate -->
        <test-method status="PASS" signature="deleteAirline()[pri:8, instance:testcases.TC008_Delete_Airline@9d209a]" name="deleteAirline" duration-ms="15049" started-at="2016-05-11T22:51:01Z" finished-at="2016-05-11T22:51:16Z">
          <reporter-output>
          </reporter-output>
        </test-method> <!-- deleteAirline -->
        <test-method status="PASS" signature="TearDown(org.testng.ITestResult)[pri:0, instance:testcases.TC008_Delete_Airline@9d209a]" name="TearDown" is-config="true" duration-ms="906" started-at="2016-05-11T22:51:16Z" finished-at="2016-05-11T22:51:17Z">
          <params>
            <param index="0">
              <value>
                <![CDATA[[TestResult name=deleteAirline status=SUCCESS method=TC008_Delete_Airline.deleteAirline()[pri:8, instance:testcases.TC008_Delete_Airline@9d209a] output={null}]]]>
              </value>
            </param>
          </params>
          <reporter-output>
          </reporter-output>
        </test-method> <!-- TearDown -->
      </class> <!-- testcases.TC008_Delete_Airline -->
      <class name="testcases.TC003_Delete_Organization">
        <test-method status="PASS" signature="initiate(java.lang.String)[pri:0, instance:testcases.TC003_Delete_Organization@5bef66]" name="initiate" is-config="true" duration-ms="2120" started-at="2016-05-11T22:50:07Z" finished-at="2016-05-11T22:50:09Z">
          <params>
            <param index="0">
              <value>
                <![CDATA[Chrome]]>
              </value>
            </param>
          </params>
          <reporter-output>
          </reporter-output>
        </test-method> <!-- initiate -->
        <test-method status="PASS" signature="deleteOrganization()[pri:3, instance:testcases.TC003_Delete_Organization@5bef66]" name="deleteOrganization" duration-ms="8524" started-at="2016-05-11T22:50:09Z" finished-at="2016-05-11T22:50:17Z">
          <reporter-output>
          </reporter-output>
        </test-method> <!-- deleteOrganization -->
        <test-method status="PASS" signature="TearDown(org.testng.ITestResult)[pri:0, instance:testcases.TC003_Delete_Organization@5bef66]" name="TearDown" is-config="true" duration-ms="878" started-at="2016-05-11T22:50:17Z" finished-at="2016-05-11T22:50:18Z">
          <params>
            <param index="0">
              <value>
                <![CDATA[[TestResult name=deleteOrganization status=SUCCESS method=TC003_Delete_Organization.deleteOrganization()[pri:3, instance:testcases.TC003_Delete_Organization@5bef66] output={null}]]]>
              </value>
            </param>
          </params>
          <reporter-output>
          </reporter-output>
        </test-method> <!-- TearDown -->
      </class> <!-- testcases.TC003_Delete_Organization -->
      <class name="testcases.TC004_Suspend_Agency">
        <test-method status="PASS" signature="initiate(java.lang.String)[pri:0, instance:testcases.TC004_Suspend_Agency@af7cc2]" name="initiate" is-config="true" duration-ms="2065" started-at="2016-05-11T22:50:18Z" finished-at="2016-05-11T22:50:20Z">
          <params>
            <param index="0">
              <value>
                <![CDATA[Chrome]]>
              </value>
            </param>
          </params>
          <reporter-output>
          </reporter-output>
        </test-method> <!-- initiate -->
        <test-method status="PASS" signature="suspendAgency()[pri:4, instance:testcases.TC004_Suspend_Agency@af7cc2]" name="suspendAgency" duration-ms="9171" started-at="2016-05-11T22:50:20Z" finished-at="2016-05-11T22:50:29Z">
          <reporter-output>
          </reporter-output>
        </test-method> <!-- suspendAgency -->
        <test-method status="PASS" signature="TearDown(org.testng.ITestResult)[pri:0, instance:testcases.TC004_Suspend_Agency@af7cc2]" name="TearDown" is-config="true" duration-ms="902" started-at="2016-05-11T22:50:29Z" finished-at="2016-05-11T22:50:30Z">
          <params>
            <param index="0">
              <value>
                <![CDATA[[TestResult name=suspendAgency status=SUCCESS method=TC004_Suspend_Agency.suspendAgency()[pri:4, instance:testcases.TC004_Suspend_Agency@af7cc2] output={null}]]]>
              </value>
            </param>
          </params>
          <reporter-output>
          </reporter-output>
        </test-method> <!-- TearDown -->
      </class> <!-- testcases.TC004_Suspend_Agency -->
      <class name="testcases.TC007_Modify_Airline">
        <test-method status="PASS" signature="initiate(java.lang.String)[pri:0, instance:testcases.TC007_Modify_Airline@1851384]" name="initiate" is-config="true" duration-ms="2107" started-at="2016-05-11T22:50:48Z" finished-at="2016-05-11T22:50:50Z">
          <params>
            <param index="0">
              <value>
                <![CDATA[Chrome]]>
              </value>
            </param>
          </params>
          <reporter-output>
          </reporter-output>
        </test-method> <!-- initiate -->
        <test-method status="PASS" signature="modifyAirline()[pri:7, instance:testcases.TC007_Modify_Airline@1851384]" name="modifyAirline" duration-ms="8338" started-at="2016-05-11T22:50:50Z" finished-at="2016-05-11T22:50:58Z">
          <reporter-output>
          </reporter-output>
        </test-method> <!-- modifyAirline -->
        <test-method status="PASS" signature="TearDown(org.testng.ITestResult)[pri:0, instance:testcases.TC007_Modify_Airline@1851384]" name="TearDown" is-config="true" duration-ms="889" started-at="2016-05-11T22:50:58Z" finished-at="2016-05-11T22:50:59Z">
          <params>
            <param index="0">
              <value>
                <![CDATA[[TestResult name=modifyAirline status=SUCCESS method=TC007_Modify_Airline.modifyAirline()[pri:7, instance:testcases.TC007_Modify_Airline@1851384] output={null}]]]>
              </value>
            </param>
          </params>
          <reporter-output>
          </reporter-output>
        </test-method> <!-- TearDown -->
      </class> <!-- testcases.TC007_Modify_Airline -->
      <class name="testcases.TC009_Add_New_Country">
        <test-method status="PASS" signature="initiate(java.lang.String)[pri:0, instance:testcases.TC009_Add_New_Country@dca536]" name="initiate" is-config="true" duration-ms="2088" started-at="2016-05-11T22:51:17Z" finished-at="2016-05-11T22:51:19Z">
          <params>
            <param index="0">
              <value>
                <![CDATA[Chrome]]>
              </value>
            </param>
          </params>
          <reporter-output>
          </reporter-output>
        </test-method> <!-- initiate -->
        <test-method status="PASS" signature="addNewCountry()[pri:9, instance:testcases.TC009_Add_New_Country@dca536]" name="addNewCountry" duration-ms="2881" started-at="2016-05-11T22:51:19Z" finished-at="2016-05-11T22:51:22Z">
          <reporter-output>
          </reporter-output>
        </test-method> <!-- addNewCountry -->
        <test-method status="PASS" signature="TearDown(org.testng.ITestResult)[pri:0, instance:testcases.TC009_Add_New_Country@dca536]" name="TearDown" is-config="true" duration-ms="2063" started-at="2016-05-11T22:51:22Z" finished-at="2016-05-11T22:51:24Z">
          <params>
            <param index="0">
              <value>
                <![CDATA[[TestResult name=addNewCountry status=SUCCESS method=TC009_Add_New_Country.addNewCountry()[pri:9, instance:testcases.TC009_Add_New_Country@dca536] output={null}]]]>
              </value>
            </param>
          </params>
          <reporter-output>
          </reporter-output>
        </test-method> <!-- TearDown -->
      </class> <!-- testcases.TC009_Add_New_Country -->
      <class name="testcases.TC011_Delete_Country">
        <test-method status="PASS" signature="initiate(java.lang.String)[pri:0, instance:testcases.TC011_Delete_Country@f67ac7]" name="initiate" is-config="true" duration-ms="2088" started-at="2016-05-11T22:51:36Z" finished-at="2016-05-11T22:51:38Z">
          <params>
            <param index="0">
              <value>
                <![CDATA[Chrome]]>
              </value>
            </param>
          </params>
          <reporter-output>
          </reporter-output>
        </test-method> <!-- initiate -->
        <test-method status="PASS" signature="deleteCountry()[pri:11, instance:testcases.TC011_Delete_Country@f67ac7]" name="deleteCountry" duration-ms="8069" started-at="2016-05-11T22:51:38Z" finished-at="2016-05-11T22:51:46Z">
          <reporter-output>
          </reporter-output>
        </test-method> <!-- deleteCountry -->
        <test-method status="PASS" signature="TearDown(org.testng.ITestResult)[pri:0, instance:testcases.TC011_Delete_Country@f67ac7]" name="TearDown" is-config="true" duration-ms="896" started-at="2016-05-11T22:51:46Z" finished-at="2016-05-11T22:51:47Z">
          <params>
            <param index="0">
              <value>
                <![CDATA[[TestResult name=deleteCountry status=SUCCESS method=TC011_Delete_Country.deleteCountry()[pri:11, instance:testcases.TC011_Delete_Country@f67ac7] output={null}]]]>
              </value>
            </param>
          </params>
          <reporter-output>
          </reporter-output>
        </test-method> <!-- TearDown -->
      </class> <!-- testcases.TC011_Delete_Country -->
      <class name="testcases.TC002_Update_Organization">
        <test-method status="PASS" signature="initiate(java.lang.String)[pri:0, instance:testcases.TC002_Update_Organization@33ce2c]" name="initiate" is-config="true" duration-ms="2080" started-at="2016-05-11T22:49:53Z" finished-at="2016-05-11T22:49:56Z">
          <params>
            <param index="0">
              <value>
                <![CDATA[Chrome]]>
              </value>
            </param>
          </params>
          <reporter-output>
          </reporter-output>
        </test-method> <!-- initiate -->
        <test-method status="PASS" signature="updateOrganization()[pri:2, instance:testcases.TC002_Update_Organization@33ce2c]" name="updateOrganization" duration-ms="8927" started-at="2016-05-11T22:49:56Z" finished-at="2016-05-11T22:50:04Z">
          <reporter-output>
          </reporter-output>
        </test-method> <!-- updateOrganization -->
        <test-method status="PASS" signature="TearDown(org.testng.ITestResult)[pri:0, instance:testcases.TC002_Update_Organization@33ce2c]" name="TearDown" is-config="true" duration-ms="2092" started-at="2016-05-11T22:50:04Z" finished-at="2016-05-11T22:50:07Z">
          <params>
            <param index="0">
              <value>
                <![CDATA[[TestResult name=updateOrganization status=SUCCESS method=TC002_Update_Organization.updateOrganization()[pri:2, instance:testcases.TC002_Update_Organization@33ce2c] output={null}]]]>
              </value>
            </param>
          </params>
          <reporter-output>
          </reporter-output>
        </test-method> <!-- TearDown -->
      </class> <!-- testcases.TC002_Update_Organization -->
      <class name="testcases.TC006_Add_new_Airline">
        <test-method status="PASS" signature="initiate(java.lang.String)[pri:0, instance:testcases.TC006_Add_new_Airline@88ff2c]" name="initiate" is-config="true" duration-ms="2077" started-at="2016-05-11T22:50:42Z" finished-at="2016-05-11T22:50:44Z">
          <params>
            <param index="0">
              <value>
                <![CDATA[Chrome]]>
              </value>
            </param>
          </params>
          <reporter-output>
          </reporter-output>
        </test-method> <!-- initiate -->
        <test-method status="PASS" signature="addNewAirline()[pri:6, instance:testcases.TC006_Add_new_Airline@88ff2c]" name="addNewAirline" duration-ms="2981" started-at="2016-05-11T22:50:44Z" finished-at="2016-05-11T22:50:47Z">
          <reporter-output>
          </reporter-output>
        </test-method> <!-- addNewAirline -->
        <test-method status="PASS" signature="TearDown(org.testng.ITestResult)[pri:0, instance:testcases.TC006_Add_new_Airline@88ff2c]" name="TearDown" is-config="true" duration-ms="895" started-at="2016-05-11T22:50:47Z" finished-at="2016-05-11T22:50:48Z">
          <params>
            <param index="0">
              <value>
                <![CDATA[[TestResult name=addNewAirline status=SUCCESS method=TC006_Add_new_Airline.addNewAirline()[pri:6, instance:testcases.TC006_Add_new_Airline@88ff2c] output={null}]]]>
              </value>
            </param>
          </params>
          <reporter-output>
          </reporter-output>
        </test-method> <!-- TearDown -->
      </class> <!-- testcases.TC006_Add_new_Airline -->
    </test> <!-- Chrome Test Cases -->
    <test name="Firefox Test Cases" duration-ms="160812" started-at="2016-05-11T12:51:47Z" finished-at="2016-05-11T12:54:28Z">
      <class name="testcases.TC005_Activate_Agency">
        <test-method status="PASS" signature="initiate(java.lang.String)[pri:0, instance:testcases.TC005_Activate_Agency@1bbe5e8]" name="initiate" is-config="true" duration-ms="4039" started-at="2016-05-11T22:52:51Z" finished-at="2016-05-11T22:52:55Z">
          <params>
            <param index="0">
              <value>
                <![CDATA[Firefox]]>
              </value>
            </param>
          </params>
          <reporter-output>
          </reporter-output>
        </test-method> <!-- initiate -->
        <test-method status="PASS" signature="activateAgency()[pri:5, instance:testcases.TC005_Activate_Agency@1bbe5e8]" name="activateAgency" duration-ms="10269" started-at="2016-05-11T22:52:55Z" finished-at="2016-05-11T22:53:05Z">
          <reporter-output>
          </reporter-output>
        </test-method> <!-- activateAgency -->
        <test-method status="PASS" signature="TearDown(org.testng.ITestResult)[pri:0, instance:testcases.TC005_Activate_Agency@1bbe5e8]" name="TearDown" is-config="true" duration-ms="367" started-at="2016-05-11T22:53:05Z" finished-at="2016-05-11T22:53:06Z">
          <params>
            <param index="0">
              <value>
                <![CDATA[[TestResult name=activateAgency status=SUCCESS method=TC005_Activate_Agency.activateAgency()[pri:5, instance:testcases.TC005_Activate_Agency@1bbe5e8] output={null}]]]>
              </value>
            </param>
          </params>
          <reporter-output>
          </reporter-output>
        </test-method> <!-- TearDown -->
      </class> <!-- testcases.TC005_Activate_Agency -->
      <class name="testcases.TC010_Modify_Country">
        <test-method status="PASS" signature="initiate(java.lang.String)[pri:0, instance:testcases.TC010_Modify_Country@134affc]" name="initiate" is-config="true" duration-ms="4247" started-at="2016-05-11T22:53:58Z" finished-at="2016-05-11T22:54:03Z">
          <params>
            <param index="0">
              <value>
                <![CDATA[Firefox]]>
              </value>
            </param>
          </params>
          <reporter-output>
          </reporter-output>
        </test-method> <!-- initiate -->
        <test-method status="PASS" signature="updateCountry()[pri:10, instance:testcases.TC010_Modify_Country@134affc]" name="updateCountry" duration-ms="10458" started-at="2016-05-11T22:54:03Z" finished-at="2016-05-11T22:54:13Z">
          <reporter-output>
          </reporter-output>
        </test-method> <!-- updateCountry -->
        <test-method status="PASS" signature="TearDown(org.testng.ITestResult)[pri:0, instance:testcases.TC010_Modify_Country@134affc]" name="TearDown" is-config="true" duration-ms="361" started-at="2016-05-11T22:54:13Z" finished-at="2016-05-11T22:54:13Z">
          <params>
            <param index="0">
              <value>
                <![CDATA[[TestResult name=updateCountry status=SUCCESS method=TC010_Modify_Country.updateCountry()[pri:10, instance:testcases.TC010_Modify_Country@134affc] output={null}]]]>
              </value>
            </param>
          </params>
          <reporter-output>
          </reporter-output>
        </test-method> <!-- TearDown -->
      </class> <!-- testcases.TC010_Modify_Country -->
      <class name="testcases.TC001_Add_Organization">
        <test-method status="PASS" signature="initiate(java.lang.String)[pri:0, instance:testcases.TC001_Add_Organization@10ee7cb]" name="initiate" is-config="true" duration-ms="6917" started-at="2016-05-11T22:51:47Z" finished-at="2016-05-11T22:51:54Z">
          <params>
            <param index="0">
              <value>
                <![CDATA[Firefox]]>
              </value>
            </param>
          </params>
          <reporter-output>
          </reporter-output>
        </test-method> <!-- initiate -->
        <test-method status="PASS" signature="addOrganization()[pri:1, instance:testcases.TC001_Add_Organization@10ee7cb]" name="addOrganization" duration-ms="11337" started-at="2016-05-11T22:51:54Z" finished-at="2016-05-11T22:52:05Z">
          <reporter-output>
          </reporter-output>
        </test-method> <!-- addOrganization -->
        <test-method status="PASS" signature="TearDown(org.testng.ITestResult)[pri:0, instance:testcases.TC001_Add_Organization@10ee7cb]" name="TearDown" is-config="true" duration-ms="404" started-at="2016-05-11T22:52:05Z" finished-at="2016-05-11T22:52:06Z">
          <params>
            <param index="0">
              <value>
                <![CDATA[[TestResult name=addOrganization status=SUCCESS method=TC001_Add_Organization.addOrganization()[pri:1, instance:testcases.TC001_Add_Organization@10ee7cb] output={null}]]]>
              </value>
            </param>
          </params>
          <reporter-output>
          </reporter-output>
        </test-method> <!-- TearDown -->
      </class> <!-- testcases.TC001_Add_Organization -->
      <class name="testcases.TC004_Suspend_Agency">
        <test-method status="PASS" signature="initiate(java.lang.String)[pri:0, instance:testcases.TC004_Suspend_Agency@1c36524]" name="initiate" is-config="true" duration-ms="4068" started-at="2016-05-11T22:52:36Z" finished-at="2016-05-11T22:52:40Z">
          <params>
            <param index="0">
              <value>
                <![CDATA[Firefox]]>
              </value>
            </param>
          </params>
          <reporter-output>
          </reporter-output>
        </test-method> <!-- initiate -->
        <test-method status="PASS" signature="suspendAgency()[pri:4, instance:testcases.TC004_Suspend_Agency@1c36524]" name="suspendAgency" duration-ms="10354" started-at="2016-05-11T22:52:40Z" finished-at="2016-05-11T22:52:51Z">
          <reporter-output>
          </reporter-output>
        </test-method> <!-- suspendAgency -->
        <test-method status="PASS" signature="TearDown(org.testng.ITestResult)[pri:0, instance:testcases.TC004_Suspend_Agency@1c36524]" name="TearDown" is-config="true" duration-ms="347" started-at="2016-05-11T22:52:51Z" finished-at="2016-05-11T22:52:51Z">
          <params>
            <param index="0">
              <value>
                <![CDATA[[TestResult name=suspendAgency status=SUCCESS method=TC004_Suspend_Agency.suspendAgency()[pri:4, instance:testcases.TC004_Suspend_Agency@1c36524] output={null}]]]>
              </value>
            </param>
          </params>
          <reporter-output>
          </reporter-output>
        </test-method> <!-- TearDown -->
      </class> <!-- testcases.TC004_Suspend_Agency -->
      <class name="testcases.TC008_Delete_Airline">
        <test-method status="PASS" signature="initiate(java.lang.String)[pri:0, instance:testcases.TC008_Delete_Airline@b5cdba]" name="initiate" is-config="true" duration-ms="4043" started-at="2016-05-11T22:53:28Z" finished-at="2016-05-11T22:53:32Z">
          <params>
            <param index="0">
              <value>
                <![CDATA[Firefox]]>
              </value>
            </param>
          </params>
          <reporter-output>
          </reporter-output>
        </test-method> <!-- initiate -->
        <test-method status="PASS" signature="deleteAirline()[pri:8, instance:testcases.TC008_Delete_Airline@b5cdba]" name="deleteAirline" duration-ms="16407" started-at="2016-05-11T22:53:32Z" finished-at="2016-05-11T22:53:49Z">
          <reporter-output>
          </reporter-output>
        </test-method> <!-- deleteAirline -->
        <test-method status="PASS" signature="TearDown(org.testng.ITestResult)[pri:0, instance:testcases.TC008_Delete_Airline@b5cdba]" name="TearDown" is-config="true" duration-ms="378" started-at="2016-05-11T22:53:49Z" finished-at="2016-05-11T22:53:49Z">
          <params>
            <param index="0">
              <value>
                <![CDATA[[TestResult name=deleteAirline status=SUCCESS method=TC008_Delete_Airline.deleteAirline()[pri:8, instance:testcases.TC008_Delete_Airline@b5cdba] output={null}]]]>
              </value>
            </param>
          </params>
          <reporter-output>
          </reporter-output>
        </test-method> <!-- TearDown -->
      </class> <!-- testcases.TC008_Delete_Airline -->
      <class name="testcases.TC003_Delete_Organization">
        <test-method status="PASS" signature="initiate(java.lang.String)[pri:0, instance:testcases.TC003_Delete_Organization@1417077]" name="initiate" is-config="true" duration-ms="4122" started-at="2016-05-11T22:52:22Z" finished-at="2016-05-11T22:52:26Z">
          <params>
            <param index="0">
              <value>
                <![CDATA[Firefox]]>
              </value>
            </param>
          </params>
          <reporter-output>
          </reporter-output>
        </test-method> <!-- initiate -->
        <test-method status="PASS" signature="deleteOrganization()[pri:3, instance:testcases.TC003_Delete_Organization@1417077]" name="deleteOrganization" duration-ms="10036" started-at="2016-05-11T22:52:26Z" finished-at="2016-05-11T22:52:36Z">
          <reporter-output>
          </reporter-output>
        </test-method> <!-- deleteOrganization -->
        <test-method status="PASS" signature="TearDown(org.testng.ITestResult)[pri:0, instance:testcases.TC003_Delete_Organization@1417077]" name="TearDown" is-config="true" duration-ms="423" started-at="2016-05-11T22:52:36Z" finished-at="2016-05-11T22:52:36Z">
          <params>
            <param index="0">
              <value>
                <![CDATA[[TestResult name=deleteOrganization status=SUCCESS method=TC003_Delete_Organization.deleteOrganization()[pri:3, instance:testcases.TC003_Delete_Organization@1417077] output={null}]]]>
              </value>
            </param>
          </params>
          <reporter-output>
          </reporter-output>
        </test-method> <!-- TearDown -->
      </class> <!-- testcases.TC003_Delete_Organization -->
      <class name="testcases.TC009_Add_New_Country">
        <test-method status="PASS" signature="initiate(java.lang.String)[pri:0, instance:testcases.TC009_Add_New_Country@cbfb61]" name="initiate" is-config="true" duration-ms="4111" started-at="2016-05-11T22:53:49Z" finished-at="2016-05-11T22:53:53Z">
          <params>
            <param index="0">
              <value>
                <![CDATA[Firefox]]>
              </value>
            </param>
          </params>
          <reporter-output>
          </reporter-output>
        </test-method> <!-- initiate -->
        <test-method status="PASS" signature="addNewCountry()[pri:9, instance:testcases.TC009_Add_New_Country@cbfb61]" name="addNewCountry" duration-ms="4572" started-at="2016-05-11T22:53:53Z" finished-at="2016-05-11T22:53:58Z">
          <reporter-output>
          </reporter-output>
        </test-method> <!-- addNewCountry -->
        <test-method status="PASS" signature="TearDown(org.testng.ITestResult)[pri:0, instance:testcases.TC009_Add_New_Country@cbfb61]" name="TearDown" is-config="true" duration-ms="472" started-at="2016-05-11T22:53:58Z" finished-at="2016-05-11T22:53:58Z">
          <params>
            <param index="0">
              <value>
                <![CDATA[[TestResult name=addNewCountry status=SUCCESS method=TC009_Add_New_Country.addNewCountry()[pri:9, instance:testcases.TC009_Add_New_Country@cbfb61] output={null}]]]>
              </value>
            </param>
          </params>
          <reporter-output>
          </reporter-output>
        </test-method> <!-- TearDown -->
      </class> <!-- testcases.TC009_Add_New_Country -->
      <class name="testcases.TC007_Modify_Airline">
        <test-method status="PASS" signature="initiate(java.lang.String)[pri:0, instance:testcases.TC007_Modify_Airline@39699c]" name="initiate" is-config="true" duration-ms="4083" started-at="2016-05-11T22:53:14Z" finished-at="2016-05-11T22:53:18Z">
          <params>
            <param index="0">
              <value>
                <![CDATA[Firefox]]>
              </value>
            </param>
          </params>
          <reporter-output>
          </reporter-output>
        </test-method> <!-- initiate -->
        <test-method status="PASS" signature="modifyAirline()[pri:7, instance:testcases.TC007_Modify_Airline@39699c]" name="modifyAirline" duration-ms="9823" started-at="2016-05-11T22:53:18Z" finished-at="2016-05-11T22:53:28Z">
          <reporter-output>
          </reporter-output>
        </test-method> <!-- modifyAirline -->
        <test-method status="PASS" signature="TearDown(org.testng.ITestResult)[pri:0, instance:testcases.TC007_Modify_Airline@39699c]" name="TearDown" is-config="true" duration-ms="367" started-at="2016-05-11T22:53:28Z" finished-at="2016-05-11T22:53:28Z">
          <params>
            <param index="0">
              <value>
                <![CDATA[[TestResult name=modifyAirline status=SUCCESS method=TC007_Modify_Airline.modifyAirline()[pri:7, instance:testcases.TC007_Modify_Airline@39699c] output={null}]]]>
              </value>
            </param>
          </params>
          <reporter-output>
          </reporter-output>
        </test-method> <!-- TearDown -->
      </class> <!-- testcases.TC007_Modify_Airline -->
      <class name="testcases.TC011_Delete_Country">
        <test-method status="PASS" signature="initiate(java.lang.String)[pri:0, instance:testcases.TC011_Delete_Country@d041cf]" name="initiate" is-config="true" duration-ms="4119" started-at="2016-05-11T22:54:13Z" finished-at="2016-05-11T22:54:18Z">
          <params>
            <param index="0">
              <value>
                <![CDATA[Firefox]]>
              </value>
            </param>
          </params>
          <reporter-output>
          </reporter-output>
        </test-method> <!-- initiate -->
        <test-method status="PASS" signature="deleteCountry()[pri:11, instance:testcases.TC011_Delete_Country@d041cf]" name="deleteCountry" duration-ms="9811" started-at="2016-05-11T22:54:18Z" finished-at="2016-05-11T22:54:27Z">
          <reporter-output>
          </reporter-output>
        </test-method> <!-- deleteCountry -->
        <test-method status="PASS" signature="TearDown(org.testng.ITestResult)[pri:0, instance:testcases.TC011_Delete_Country@d041cf]" name="TearDown" is-config="true" duration-ms="437" started-at="2016-05-11T22:54:27Z" finished-at="2016-05-11T22:54:28Z">
          <params>
            <param index="0">
              <value>
                <![CDATA[[TestResult name=deleteCountry status=SUCCESS method=TC011_Delete_Country.deleteCountry()[pri:11, instance:testcases.TC011_Delete_Country@d041cf] output={null}]]]>
              </value>
            </param>
          </params>
          <reporter-output>
          </reporter-output>
        </test-method> <!-- TearDown -->
      </class> <!-- testcases.TC011_Delete_Country -->
      <class name="testcases.TC002_Update_Organization">
        <test-method status="PASS" signature="initiate(java.lang.String)[pri:0, instance:testcases.TC002_Update_Organization@1bd9247]" name="initiate" is-config="true" duration-ms="4053" started-at="2016-05-11T22:52:06Z" finished-at="2016-05-11T22:52:10Z">
          <params>
            <param index="0">
              <value>
                <![CDATA[Firefox]]>
              </value>
            </param>
          </params>
          <reporter-output>
          </reporter-output>
        </test-method> <!-- initiate -->
        <test-method status="PASS" signature="updateOrganization()[pri:2, instance:testcases.TC002_Update_Organization@1bd9247]" name="updateOrganization" duration-ms="11492" started-at="2016-05-11T22:52:10Z" finished-at="2016-05-11T22:52:21Z">
          <reporter-output>
          </reporter-output>
        </test-method> <!-- updateOrganization -->
        <test-method status="PASS" signature="TearDown(org.testng.ITestResult)[pri:0, instance:testcases.TC002_Update_Organization@1bd9247]" name="TearDown" is-config="true" duration-ms="309" started-at="2016-05-11T22:52:21Z" finished-at="2016-05-11T22:52:22Z">
          <params>
            <param index="0">
              <value>
                <![CDATA[[TestResult name=updateOrganization status=SUCCESS method=TC002_Update_Organization.updateOrganization()[pri:2, instance:testcases.TC002_Update_Organization@1bd9247] output={null}]]]>
              </value>
            </param>
          </params>
          <reporter-output>
          </reporter-output>
        </test-method> <!-- TearDown -->
      </class> <!-- testcases.TC002_Update_Organization -->
      <class name="testcases.TC006_Add_new_Airline">
        <test-method status="PASS" signature="initiate(java.lang.String)[pri:0, instance:testcases.TC006_Add_new_Airline@8d66b2]" name="initiate" is-config="true" duration-ms="4049" started-at="2016-05-11T22:53:06Z" finished-at="2016-05-11T22:53:10Z">
          <params>
            <param index="0">
              <value>
                <![CDATA[Firefox]]>
              </value>
            </param>
          </params>
          <reporter-output>
          </reporter-output>
        </test-method> <!-- initiate -->
        <test-method status="PASS" signature="addNewAirline()[pri:6, instance:testcases.TC006_Add_new_Airline@8d66b2]" name="addNewAirline" duration-ms="4058" started-at="2016-05-11T22:53:10Z" finished-at="2016-05-11T22:53:14Z">
          <reporter-output>
          </reporter-output>
        </test-method> <!-- addNewAirline -->
        <test-method status="PASS" signature="TearDown(org.testng.ITestResult)[pri:0, instance:testcases.TC006_Add_new_Airline@8d66b2]" name="TearDown" is-config="true" duration-ms="462" started-at="2016-05-11T22:53:14Z" finished-at="2016-05-11T22:53:14Z">
          <params>
            <param index="0">
              <value>
                <![CDATA[[TestResult name=addNewAirline status=SUCCESS method=TC006_Add_new_Airline.addNewAirline()[pri:6, instance:testcases.TC006_Add_new_Airline@8d66b2] output={null}]]]>
              </value>
            </param>
          </params>
          <reporter-output>
          </reporter-output>
        </test-method> <!-- TearDown -->
      </class> <!-- testcases.TC006_Add_new_Airline -->
    </test> <!-- Firefox Test Cases -->
  </suite> <!-- GTSM -->
</testng-results>
